[02-Oct-2025 19:47:10 UTC] PHP Warning:  Undefined array key "priority" in /Users/sowmithgachula/Downloads/visitor_management_system-main 2/manage-notes.php on line 80
[02-Oct-2025 19:47:10 UTC] PHP Warning:  Undefined array key "priority" in /Users/sowmithgachula/Downloads/visitor_management_system-main 2/manage-notes.php on line 81
[02-Oct-2025 19:47:10 UTC] PHP Warning:  Undefined array key "priority" in /Users/sowmithgachula/Downloads/visitor_management_system-main 2/manage-notes.php on line 84
[02-Oct-2025 19:47:10 UTC] PHP Deprecated:  htmlspecialchars(): Passing null to parameter #1 ($string) of type string is deprecated in /Users/sowmithgachula/Downloads/visitor_management_system-main 2/manage-notes.php on line 84
[02-Oct-2025 19:47:10 UTC] PHP Warning:  Undefined array key "status" in /Users/sowmithgachula/Downloads/visitor_management_system-main 2/manage-notes.php on line 88
[02-Oct-2025 19:47:10 UTC] PHP Warning:  Undefined array key "status" in /Users/sowmithgachula/Downloads/visitor_management_system-main 2/manage-notes.php on line 89
[02-Oct-2025 19:47:10 UTC] PHP Deprecated:  htmlspecialchars(): Passing null to parameter #1 ($string) of type string is deprecated in /Users/sowmithgachula/Downloads/visitor_management_system-main 2/manage-notes.php on line 89
[02-Oct-2025 19:47:10 UTC] PHP Warning:  Undefined array key "created_by" in /Users/sowmithgachula/Downloads/visitor_management_system-main 2/manage-notes.php on line 92
[02-Oct-2025 19:47:10 UTC] PHP Deprecated:  htmlspecialchars(): Passing null to parameter #1 ($string) of type string is deprecated in /Users/sowmithgachula/Downloads/visitor_management_system-main 2/manage-notes.php on line 92
[02-Oct-2025 19:47:10 UTC] PHP Warning:  Undefined array key "priority" in /Users/sowmithgachula/Downloads/visitor_management_system-main 2/manage-notes.php on line 80
[02-Oct-2025 19:47:10 UTC] PHP Warning:  Undefined array key "priority" in /Users/sowmithgachula/Downloads/visitor_management_system-main 2/manage-notes.php on line 81
[02-Oct-2025 19:47:10 UTC] PHP Warning:  Undefined array key "priority" in /Users/sowmithgachula/Downloads/visitor_management_system-main 2/manage-notes.php on line 84
[02-Oct-2025 19:47:10 UTC] PHP Deprecated:  htmlspecialchars(): Passing null to parameter #1 ($string) of type string is deprecated in /Users/sowmithgachula/Downloads/visitor_management_system-main 2/manage-notes.php on line 84
[02-Oct-2025 19:47:10 UTC] PHP Warning:  Undefined array key "status" in /Users/sowmithgachula/Downloads/visitor_management_system-main 2/manage-notes.php on line 88
[02-Oct-2025 19:47:10 UTC] PHP Warning:  Undefined array key "status" in /Users/sowmithgachula/Downloads/visitor_management_system-main 2/manage-notes.php on line 89
[02-Oct-2025 19:47:10 UTC] PHP Deprecated:  htmlspecialchars(): Passing null to parameter #1 ($string) of type string is deprecated in /Users/sowmithgachula/Downloads/visitor_management_system-main 2/manage-notes.php on line 89
[02-Oct-2025 19:47:10 UTC] PHP Warning:  Undefined array key "created_by" in /Users/sowmithgachula/Downloads/visitor_management_system-main 2/manage-notes.php on line 92
[02-Oct-2025 19:47:10 UTC] PHP Deprecated:  htmlspecialchars(): Passing null to parameter #1 ($string) of type string is deprecated in /Users/sowmithgachula/Downloads/visitor_management_system-main 2/manage-notes.php on line 92
[02-Oct-2025 19:47:10 UTC] PHP Warning:  Undefined array key "priority" in /Users/sowmithgachula/Downloads/visitor_management_system-main 2/manage-notes.php on line 80
[02-Oct-2025 19:47:10 UTC] PHP Warning:  Undefined array key "priority" in /Users/sowmithgachula/Downloads/visitor_management_system-main 2/manage-notes.php on line 81
[02-Oct-2025 19:47:10 UTC] PHP Warning:  Undefined array key "priority" in /Users/sowmithgachula/Downloads/visitor_management_system-main 2/manage-notes.php on line 84
[02-Oct-2025 19:47:10 UTC] PHP Deprecated:  htmlspecialchars(): Passing null to parameter #1 ($string) of type string is deprecated in /Users/sowmithgachula/Downloads/visitor_management_system-main 2/manage-notes.php on line 84
[02-Oct-2025 19:47:10 UTC] PHP Warning:  Undefined array key "status" in /Users/sowmithgachula/Downloads/visitor_management_system-main 2/manage-notes.php on line 88
[02-Oct-2025 19:47:10 UTC] PHP Warning:  Undefined array key "status" in /Users/sowmithgachula/Downloads/visitor_management_system-main 2/manage-notes.php on line 89
[02-Oct-2025 19:47:10 UTC] PHP Deprecated:  htmlspecialchars(): Passing null to parameter #1 ($string) of type string is deprecated in /Users/sowmithgachula/Downloads/visitor_management_system-main 2/manage-notes.php on line 89
[02-Oct-2025 19:47:10 UTC] PHP Warning:  Undefined array key "created_by" in /Users/sowmithgachula/Downloads/visitor_management_system-main 2/manage-notes.php on line 92
[02-Oct-2025 19:47:10 UTC] PHP Deprecated:  htmlspecialchars(): Passing null to parameter #1 ($string) of type string is deprecated in /Users/sowmithgachula/Downloads/visitor_management_system-main 2/manage-notes.php on line 92
[02-Oct-2025 19:47:10 UTC] PHP Warning:  Undefined array key "priority" in /Users/sowmithgachula/Downloads/visitor_management_system-main 2/manage-notes.php on line 80
[02-Oct-2025 19:47:10 UTC] PHP Warning:  Undefined array key "priority" in /Users/sowmithgachula/Downloads/visitor_management_system-main 2/manage-notes.php on line 81
[02-Oct-2025 19:47:10 UTC] PHP Warning:  Undefined array key "priority" in /Users/sowmithgachula/Downloads/visitor_management_system-main 2/manage-notes.php on line 84
[02-Oct-2025 19:47:10 UTC] PHP Deprecated:  htmlspecialchars(): Passing null to parameter #1 ($string) of type string is deprecated in /Users/sowmithgachula/Downloads/visitor_management_system-main 2/manage-notes.php on line 84
[02-Oct-2025 19:47:10 UTC] PHP Warning:  Undefined array key "status" in /Users/sowmithgachula/Downloads/visitor_management_system-main 2/manage-notes.php on line 88
[02-Oct-2025 19:47:10 UTC] PHP Warning:  Undefined array key "status" in /Users/sowmithgachula/Downloads/visitor_management_system-main 2/manage-notes.php on line 89
[02-Oct-2025 19:47:10 UTC] PHP Deprecated:  htmlspecialchars(): Passing null to parameter #1 ($string) of type string is deprecated in /Users/sowmithgachula/Downloads/visitor_management_system-main 2/manage-notes.php on line 89
[02-Oct-2025 19:47:10 UTC] PHP Warning:  Undefined array key "created_by" in /Users/sowmithgachula/Downloads/visitor_management_system-main 2/manage-notes.php on line 92
[02-Oct-2025 19:47:10 UTC] PHP Deprecated:  htmlspecialchars(): Passing null to parameter #1 ($string) of type string is deprecated in /Users/sowmithgachula/Downloads/visitor_management_system-main 2/manage-notes.php on line 92
[02-Oct-2025 19:47:10 UTC] PHP Warning:  Undefined array key "priority" in /Users/sowmithgachula/Downloads/visitor_management_system-main 2/manage-notes.php on line 80
[02-Oct-2025 19:47:10 UTC] PHP Warning:  Undefined array key "priority" in /Users/sowmithgachula/Downloads/visitor_management_system-main 2/manage-notes.php on line 81
[02-Oct-2025 19:47:10 UTC] PHP Warning:  Undefined array key "priority" in /Users/sowmithgachula/Downloads/visitor_management_system-main 2/manage-notes.php on line 84
[02-Oct-2025 19:47:10 UTC] PHP Deprecated:  htmlspecialchars(): Passing null to parameter #1 ($string) of type string is deprecated in /Users/sowmithgachula/Downloads/visitor_management_system-main 2/manage-notes.php on line 84
[02-Oct-2025 19:47:10 UTC] PHP Warning:  Undefined array key "status" in /Users/sowmithgachula/Downloads/visitor_management_system-main 2/manage-notes.php on line 88
[02-Oct-2025 19:47:10 UTC] PHP Warning:  Undefined array key "status" in /Users/sowmithgachula/Downloads/visitor_management_system-main 2/manage-notes.php on line 89
[02-Oct-2025 19:47:10 UTC] PHP Deprecated:  htmlspecialchars(): Passing null to parameter #1 ($string) of type string is deprecated in /Users/sowmithgachula/Downloads/visitor_management_system-main 2/manage-notes.php on line 89
[02-Oct-2025 19:47:10 UTC] PHP Warning:  Undefined array key "created_by" in /Users/sowmithgachula/Downloads/visitor_management_system-main 2/manage-notes.php on line 92
[02-Oct-2025 19:47:10 UTC] PHP Deprecated:  htmlspecialchars(): Passing null to parameter #1 ($string) of type string is deprecated in /Users/sowmithgachula/Downloads/visitor_management_system-main 2/manage-notes.php on line 92
[02-Oct-2025 19:47:10 UTC] PHP Warning:  Undefined array key "priority" in /Users/sowmithgachula/Downloads/visitor_management_system-main 2/manage-notes.php on line 80
[02-Oct-2025 19:47:10 UTC] PHP Warning:  Undefined array key "priority" in /Users/sowmithgachula/Downloads/visitor_management_system-main 2/manage-notes.php on line 81
[02-Oct-2025 19:47:10 UTC] PHP Warning:  Undefined array key "priority" in /Users/sowmithgachula/Downloads/visitor_management_system-main 2/manage-notes.php on line 84
[02-Oct-2025 19:47:10 UTC] PHP Deprecated:  htmlspecialchars(): Passing null to parameter #1 ($string) of type string is deprecated in /Users/sowmithgachula/Downloads/visitor_management_system-main 2/manage-notes.php on line 84
[02-Oct-2025 19:47:10 UTC] PHP Warning:  Undefined array key "status" in /Users/sowmithgachula/Downloads/visitor_management_system-main 2/manage-notes.php on line 88
[02-Oct-2025 19:47:10 UTC] PHP Warning:  Undefined array key "status" in /Users/sowmithgachula/Downloads/visitor_management_system-main 2/manage-notes.php on line 89
[02-Oct-2025 19:47:10 UTC] PHP Deprecated:  htmlspecialchars(): Passing null to parameter #1 ($string) of type string is deprecated in /Users/sowmithgachula/Downloads/visitor_management_system-main 2/manage-notes.php on line 89
[02-Oct-2025 19:47:10 UTC] PHP Warning:  Undefined array key "created_by" in /Users/sowmithgachula/Downloads/visitor_management_system-main 2/manage-notes.php on line 92
[02-Oct-2025 19:47:10 UTC] PHP Deprecated:  htmlspecialchars(): Passing null to parameter #1 ($string) of type string is deprecated in /Users/sowmithgachula/Downloads/visitor_management_system-main 2/manage-notes.php on line 92
[02-Oct-2025 19:47:10 UTC] PHP Warning:  Undefined array key "priority" in /Users/sowmithgachula/Downloads/visitor_management_system-main 2/manage-notes.php on line 80
[02-Oct-2025 19:47:10 UTC] PHP Warning:  Undefined array key "priority" in /Users/sowmithgachula/Downloads/visitor_management_system-main 2/manage-notes.php on line 81
[02-Oct-2025 19:47:10 UTC] PHP Warning:  Undefined array key "priority" in /Users/sowmithgachula/Downloads/visitor_management_system-main 2/manage-notes.php on line 84
[02-Oct-2025 19:47:10 UTC] PHP Deprecated:  htmlspecialchars(): Passing null to parameter #1 ($string) of type string is deprecated in /Users/sowmithgachula/Downloads/visitor_management_system-main 2/manage-notes.php on line 84
[02-Oct-2025 19:47:10 UTC] PHP Warning:  Undefined array key "status" in /Users/sowmithgachula/Downloads/visitor_management_system-main 2/manage-notes.php on line 88
[02-Oct-2025 19:47:10 UTC] PHP Warning:  Undefined array key "status" in /Users/sowmithgachula/Downloads/visitor_management_system-main 2/manage-notes.php on line 89
[02-Oct-2025 19:47:10 UTC] PHP Deprecated:  htmlspecialchars(): Passing null to parameter #1 ($string) of type string is deprecated in /Users/sowmithgachula/Downloads/visitor_management_system-main 2/manage-notes.php on line 89
[02-Oct-2025 19:47:10 UTC] PHP Warning:  Undefined array key "created_by" in /Users/sowmithgachula/Downloads/visitor_management_system-main 2/manage-notes.php on line 92
[02-Oct-2025 19:47:10 UTC] PHP Deprecated:  htmlspecialchars(): Passing null to parameter #1 ($string) of type string is deprecated in /Users/sowmithgachula/Downloads/visitor_management_system-main 2/manage-notes.php on line 92
[02-Oct-2025 19:47:10 UTC] PHP Warning:  Undefined array key "priority" in /Users/sowmithgachula/Downloads/visitor_management_system-main 2/manage-notes.php on line 80
[02-Oct-2025 19:47:10 UTC] PHP Warning:  Undefined array key "priority" in /Users/sowmithgachula/Downloads/visitor_management_system-main 2/manage-notes.php on line 81
[02-Oct-2025 19:47:10 UTC] PHP Warning:  Undefined array key "priority" in /Users/sowmithgachula/Downloads/visitor_management_system-main 2/manage-notes.php on line 84
[02-Oct-2025 19:47:10 UTC] PHP Deprecated:  htmlspecialchars(): Passing null to parameter #1 ($string) of type string is deprecated in /Users/sowmithgachula/Downloads/visitor_management_system-main 2/manage-notes.php on line 84
[02-Oct-2025 19:47:10 UTC] PHP Warning:  Undefined array key "status" in /Users/sowmithgachula/Downloads/visitor_management_system-main 2/manage-notes.php on line 88
[02-Oct-2025 19:47:10 UTC] PHP Warning:  Undefined array key "status" in /Users/sowmithgachula/Downloads/visitor_management_system-main 2/manage-notes.php on line 89
[02-Oct-2025 19:47:10 UTC] PHP Deprecated:  htmlspecialchars(): Passing null to parameter #1 ($string) of type string is deprecated in /Users/sowmithgachula/Downloads/visitor_management_system-main 2/manage-notes.php on line 89
[02-Oct-2025 19:47:10 UTC] PHP Warning:  Undefined array key "created_by" in /Users/sowmithgachula/Downloads/visitor_management_system-main 2/manage-notes.php on line 92
[02-Oct-2025 19:47:10 UTC] PHP Deprecated:  htmlspecialchars(): Passing null to parameter #1 ($string) of type string is deprecated in /Users/sowmithgachula/Downloads/visitor_management_system-main 2/manage-notes.php on line 92
[15-Oct-2025 15:46:36 UTC] PHP Fatal error:  Uncaught mysqli_sql_exception: No such file or directory in /Users/sowmithgachula/Downloads/visitor_management_system-main 2/connection.php:22
Stack trace:
#0 /Users/sowmithgachula/Downloads/visitor_management_system-main 2/connection.php(22): mysqli_connect('localhost', 'root', Object(SensitiveParameterValue), 'vms_db')
#1 /Users/sowmithgachula/Downloads/visitor_management_system-main 2/index.php(3): include('/Users/sowmithg...')
#2 {main}
  thrown in /Users/sowmithgachula/Downloads/visitor_management_system-main 2/connection.php on line 22
[15-Oct-2025 15:48:01 UTC] PHP Warning:  Undefined array key "priority" in /Users/sowmithgachula/Downloads/visitor_management_system-main 2/manage-notes.php on line 80
[15-Oct-2025 15:48:01 UTC] PHP Warning:  Undefined array key "priority" in /Users/sowmithgachula/Downloads/visitor_management_system-main 2/manage-notes.php on line 81
[15-Oct-2025 15:48:01 UTC] PHP Warning:  Undefined array key "priority" in /Users/sowmithgachula/Downloads/visitor_management_system-main 2/manage-notes.php on line 84
[15-Oct-2025 15:48:01 UTC] PHP Deprecated:  htmlspecialchars(): Passing null to parameter #1 ($string) of type string is deprecated in /Users/sowmithgachula/Downloads/visitor_management_system-main 2/manage-notes.php on line 84
[15-Oct-2025 15:48:01 UTC] PHP Warning:  Undefined array key "status" in /Users/sowmithgachula/Downloads/visitor_management_system-main 2/manage-notes.php on line 88
[15-Oct-2025 15:48:01 UTC] PHP Warning:  Undefined array key "status" in /Users/sowmithgachula/Downloads/visitor_management_system-main 2/manage-notes.php on line 89
[15-Oct-2025 15:48:01 UTC] PHP Deprecated:  htmlspecialchars(): Passing null to parameter #1 ($string) of type string is deprecated in /Users/sowmithgachula/Downloads/visitor_management_system-main 2/manage-notes.php on line 89
[15-Oct-2025 15:48:01 UTC] PHP Warning:  Undefined array key "created_by" in /Users/sowmithgachula/Downloads/visitor_management_system-main 2/manage-notes.php on line 92
[15-Oct-2025 15:48:01 UTC] PHP Deprecated:  htmlspecialchars(): Passing null to parameter #1 ($string) of type string is deprecated in /Users/sowmithgachula/Downloads/visitor_management_system-main 2/manage-notes.php on line 92
[15-Oct-2025 15:48:01 UTC] PHP Warning:  Undefined array key "priority" in /Users/sowmithgachula/Downloads/visitor_management_system-main 2/manage-notes.php on line 80
[15-Oct-2025 15:48:01 UTC] PHP Warning:  Undefined array key "priority" in /Users/sowmithgachula/Downloads/visitor_management_system-main 2/manage-notes.php on line 81
[15-Oct-2025 15:48:01 UTC] PHP Warning:  Undefined array key "priority" in /Users/sowmithgachula/Downloads/visitor_management_system-main 2/manage-notes.php on line 84
[15-Oct-2025 15:48:01 UTC] PHP Deprecated:  htmlspecialchars(): Passing null to parameter #1 ($string) of type string is deprecated in /Users/sowmithgachula/Downloads/visitor_management_system-main 2/manage-notes.php on line 84
[15-Oct-2025 15:48:01 UTC] PHP Warning:  Undefined array key "status" in /Users/sowmithgachula/Downloads/visitor_management_system-main 2/manage-notes.php on line 88
[15-Oct-2025 15:48:01 UTC] PHP Warning:  Undefined array key "status" in /Users/sowmithgachula/Downloads/visitor_management_system-main 2/manage-notes.php on line 89
[15-Oct-2025 15:48:01 UTC] PHP Deprecated:  htmlspecialchars(): Passing null to parameter #1 ($string) of type string is deprecated in /Users/sowmithgachula/Downloads/visitor_management_system-main 2/manage-notes.php on line 89
[15-Oct-2025 15:48:01 UTC] PHP Warning:  Undefined array key "created_by" in /Users/sowmithgachula/Downloads/visitor_management_system-main 2/manage-notes.php on line 92
[15-Oct-2025 15:48:01 UTC] PHP Deprecated:  htmlspecialchars(): Passing null to parameter #1 ($string) of type string is deprecated in /Users/sowmithgachula/Downloads/visitor_management_system-main 2/manage-notes.php on line 92
[15-Oct-2025 15:48:01 UTC] PHP Warning:  Undefined array key "priority" in /Users/sowmithgachula/Downloads/visitor_management_system-main 2/manage-notes.php on line 80
[15-Oct-2025 15:48:01 UTC] PHP Warning:  Undefined array key "priority" in /Users/sowmithgachula/Downloads/visitor_management_system-main 2/manage-notes.php on line 81
[15-Oct-2025 15:48:01 UTC] PHP Warning:  Undefined array key "priority" in /Users/sowmithgachula/Downloads/visitor_management_system-main 2/manage-notes.php on line 84
[15-Oct-2025 15:48:01 UTC] PHP Deprecated:  htmlspecialchars(): Passing null to parameter #1 ($string) of type string is deprecated in /Users/sowmithgachula/Downloads/visitor_management_system-main 2/manage-notes.php on line 84
[15-Oct-2025 15:48:01 UTC] PHP Warning:  Undefined array key "status" in /Users/sowmithgachula/Downloads/visitor_management_system-main 2/manage-notes.php on line 88
[15-Oct-2025 15:48:01 UTC] PHP Warning:  Undefined array key "status" in /Users/sowmithgachula/Downloads/visitor_management_system-main 2/manage-notes.php on line 89
[15-Oct-2025 15:48:01 UTC] PHP Deprecated:  htmlspecialchars(): Passing null to parameter #1 ($string) of type string is deprecated in /Users/sowmithgachula/Downloads/visitor_management_system-main 2/manage-notes.php on line 89
[15-Oct-2025 15:48:01 UTC] PHP Warning:  Undefined array key "created_by" in /Users/sowmithgachula/Downloads/visitor_management_system-main 2/manage-notes.php on line 92
[15-Oct-2025 15:48:01 UTC] PHP Deprecated:  htmlspecialchars(): Passing null to parameter #1 ($string) of type string is deprecated in /Users/sowmithgachula/Downloads/visitor_management_system-main 2/manage-notes.php on line 92
[15-Oct-2025 15:48:01 UTC] PHP Warning:  Undefined array key "priority" in /Users/sowmithgachula/Downloads/visitor_management_system-main 2/manage-notes.php on line 80
[15-Oct-2025 15:48:01 UTC] PHP Warning:  Undefined array key "priority" in /Users/sowmithgachula/Downloads/visitor_management_system-main 2/manage-notes.php on line 81
[15-Oct-2025 15:48:01 UTC] PHP Warning:  Undefined array key "priority" in /Users/sowmithgachula/Downloads/visitor_management_system-main 2/manage-notes.php on line 84
[15-Oct-2025 15:48:01 UTC] PHP Deprecated:  htmlspecialchars(): Passing null to parameter #1 ($string) of type string is deprecated in /Users/sowmithgachula/Downloads/visitor_management_system-main 2/manage-notes.php on line 84
[15-Oct-2025 15:48:01 UTC] PHP Warning:  Undefined array key "status" in /Users/sowmithgachula/Downloads/visitor_management_system-main 2/manage-notes.php on line 88
[15-Oct-2025 15:48:01 UTC] PHP Warning:  Undefined array key "status" in /Users/sowmithgachula/Downloads/visitor_management_system-main 2/manage-notes.php on line 89
[15-Oct-2025 15:48:01 UTC] PHP Deprecated:  htmlspecialchars(): Passing null to parameter #1 ($string) of type string is deprecated in /Users/sowmithgachula/Downloads/visitor_management_system-main 2/manage-notes.php on line 89
[15-Oct-2025 15:48:01 UTC] PHP Warning:  Undefined array key "created_by" in /Users/sowmithgachula/Downloads/visitor_management_system-main 2/manage-notes.php on line 92
[15-Oct-2025 15:48:01 UTC] PHP Deprecated:  htmlspecialchars(): Passing null to parameter #1 ($string) of type string is deprecated in /Users/sowmithgachula/Downloads/visitor_management_system-main 2/manage-notes.php on line 92
[15-Oct-2025 15:48:01 UTC] PHP Warning:  Undefined array key "priority" in /Users/sowmithgachula/Downloads/visitor_management_system-main 2/manage-notes.php on line 80
[15-Oct-2025 15:48:01 UTC] PHP Warning:  Undefined array key "priority" in /Users/sowmithgachula/Downloads/visitor_management_system-main 2/manage-notes.php on line 81
[15-Oct-2025 15:48:01 UTC] PHP Warning:  Undefined array key "priority" in /Users/sowmithgachula/Downloads/visitor_management_system-main 2/manage-notes.php on line 84
[15-Oct-2025 15:48:01 UTC] PHP Deprecated:  htmlspecialchars(): Passing null to parameter #1 ($string) of type string is deprecated in /Users/sowmithgachula/Downloads/visitor_management_system-main 2/manage-notes.php on line 84
[15-Oct-2025 15:48:01 UTC] PHP Warning:  Undefined array key "status" in /Users/sowmithgachula/Downloads/visitor_management_system-main 2/manage-notes.php on line 88
[15-Oct-2025 15:48:01 UTC] PHP Warning:  Undefined array key "status" in /Users/sowmithgachula/Downloads/visitor_management_system-main 2/manage-notes.php on line 89
[15-Oct-2025 15:48:01 UTC] PHP Deprecated:  htmlspecialchars(): Passing null to parameter #1 ($string) of type string is deprecated in /Users/sowmithgachula/Downloads/visitor_management_system-main 2/manage-notes.php on line 89
[15-Oct-2025 15:48:01 UTC] PHP Warning:  Undefined array key "created_by" in /Users/sowmithgachula/Downloads/visitor_management_system-main 2/manage-notes.php on line 92
[15-Oct-2025 15:48:01 UTC] PHP Deprecated:  htmlspecialchars(): Passing null to parameter #1 ($string) of type string is deprecated in /Users/sowmithgachula/Downloads/visitor_management_system-main 2/manage-notes.php on line 92
[15-Oct-2025 15:48:01 UTC] PHP Warning:  Undefined array key "priority" in /Users/sowmithgachula/Downloads/visitor_management_system-main 2/manage-notes.php on line 80
[15-Oct-2025 15:48:01 UTC] PHP Warning:  Undefined array key "priority" in /Users/sowmithgachula/Downloads/visitor_management_system-main 2/manage-notes.php on line 81
[15-Oct-2025 15:48:01 UTC] PHP Warning:  Undefined array key "priority" in /Users/sowmithgachula/Downloads/visitor_management_system-main 2/manage-notes.php on line 84
[15-Oct-2025 15:48:01 UTC] PHP Deprecated:  htmlspecialchars(): Passing null to parameter #1 ($string) of type string is deprecated in /Users/sowmithgachula/Downloads/visitor_management_system-main 2/manage-notes.php on line 84
[15-Oct-2025 15:48:01 UTC] PHP Warning:  Undefined array key "status" in /Users/sowmithgachula/Downloads/visitor_management_system-main 2/manage-notes.php on line 88
[15-Oct-2025 15:48:01 UTC] PHP Warning:  Undefined array key "status" in /Users/sowmithgachula/Downloads/visitor_management_system-main 2/manage-notes.php on line 89
[15-Oct-2025 15:48:01 UTC] PHP Deprecated:  htmlspecialchars(): Passing null to parameter #1 ($string) of type string is deprecated in /Users/sowmithgachula/Downloads/visitor_management_system-main 2/manage-notes.php on line 89
[15-Oct-2025 15:48:01 UTC] PHP Warning:  Undefined array key "created_by" in /Users/sowmithgachula/Downloads/visitor_management_system-main 2/manage-notes.php on line 92
[15-Oct-2025 15:48:01 UTC] PHP Deprecated:  htmlspecialchars(): Passing null to parameter #1 ($string) of type string is deprecated in /Users/sowmithgachula/Downloads/visitor_management_system-main 2/manage-notes.php on line 92
[15-Oct-2025 15:48:01 UTC] PHP Warning:  Undefined array key "priority" in /Users/sowmithgachula/Downloads/visitor_management_system-main 2/manage-notes.php on line 80
[15-Oct-2025 15:48:01 UTC] PHP Warning:  Undefined array key "priority" in /Users/sowmithgachula/Downloads/visitor_management_system-main 2/manage-notes.php on line 81
[15-Oct-2025 15:48:01 UTC] PHP Warning:  Undefined array key "priority" in /Users/sowmithgachula/Downloads/visitor_management_system-main 2/manage-notes.php on line 84
[15-Oct-2025 15:48:01 UTC] PHP Deprecated:  htmlspecialchars(): Passing null to parameter #1 ($string) of type string is deprecated in /Users/sowmithgachula/Downloads/visitor_management_system-main 2/manage-notes.php on line 84
[15-Oct-2025 15:48:01 UTC] PHP Warning:  Undefined array key "status" in /Users/sowmithgachula/Downloads/visitor_management_system-main 2/manage-notes.php on line 88
[15-Oct-2025 15:48:01 UTC] PHP Warning:  Undefined array key "status" in /Users/sowmithgachula/Downloads/visitor_management_system-main 2/manage-notes.php on line 89
[15-Oct-2025 15:48:01 UTC] PHP Deprecated:  htmlspecialchars(): Passing null to parameter #1 ($string) of type string is deprecated in /Users/sowmithgachula/Downloads/visitor_management_system-main 2/manage-notes.php on line 89
[15-Oct-2025 15:48:01 UTC] PHP Warning:  Undefined array key "created_by" in /Users/sowmithgachula/Downloads/visitor_management_system-main 2/manage-notes.php on line 92
[15-Oct-2025 15:48:01 UTC] PHP Deprecated:  htmlspecialchars(): Passing null to parameter #1 ($string) of type string is deprecated in /Users/sowmithgachula/Downloads/visitor_management_system-main 2/manage-notes.php on line 92
[15-Oct-2025 15:48:01 UTC] PHP Warning:  Undefined array key "priority" in /Users/sowmithgachula/Downloads/visitor_management_system-main 2/manage-notes.php on line 80
[15-Oct-2025 15:48:01 UTC] PHP Warning:  Undefined array key "priority" in /Users/sowmithgachula/Downloads/visitor_management_system-main 2/manage-notes.php on line 81
[15-Oct-2025 15:48:01 UTC] PHP Warning:  Undefined array key "priority" in /Users/sowmithgachula/Downloads/visitor_management_system-main 2/manage-notes.php on line 84
[15-Oct-2025 15:48:01 UTC] PHP Deprecated:  htmlspecialchars(): Passing null to parameter #1 ($string) of type string is deprecated in /Users/sowmithgachula/Downloads/visitor_management_system-main 2/manage-notes.php on line 84
[15-Oct-2025 15:48:01 UTC] PHP Warning:  Undefined array key "status" in /Users/sowmithgachula/Downloads/visitor_management_system-main 2/manage-notes.php on line 88
[15-Oct-2025 15:48:01 UTC] PHP Warning:  Undefined array key "status" in /Users/sowmithgachula/Downloads/visitor_management_system-main 2/manage-notes.php on line 89
[15-Oct-2025 15:48:01 UTC] PHP Deprecated:  htmlspecialchars(): Passing null to parameter #1 ($string) of type string is deprecated in /Users/sowmithgachula/Downloads/visitor_management_system-main 2/manage-notes.php on line 89
[15-Oct-2025 15:48:01 UTC] PHP Warning:  Undefined array key "created_by" in /Users/sowmithgachula/Downloads/visitor_management_system-main 2/manage-notes.php on line 92
[15-Oct-2025 15:48:01 UTC] PHP Deprecated:  htmlspecialchars(): Passing null to parameter #1 ($string) of type string is deprecated in /Users/sowmithgachula/Downloads/visitor_management_system-main 2/manage-notes.php on line 92
[15-Oct-2025 15:49:59 UTC] PHP Warning:  Undefined array key "priority" in /Users/sowmithgachula/Downloads/visitor_management_system-main 2/manage-notes.php on line 80
[15-Oct-2025 15:49:59 UTC] PHP Warning:  Undefined array key "priority" in /Users/sowmithgachula/Downloads/visitor_management_system-main 2/manage-notes.php on line 81
[15-Oct-2025 15:49:59 UTC] PHP Warning:  Undefined array key "priority" in /Users/sowmithgachula/Downloads/visitor_management_system-main 2/manage-notes.php on line 84
[15-Oct-2025 15:49:59 UTC] PHP Deprecated:  htmlspecialchars(): Passing null to parameter #1 ($string) of type string is deprecated in /Users/sowmithgachula/Downloads/visitor_management_system-main 2/manage-notes.php on line 84
[15-Oct-2025 15:49:59 UTC] PHP Warning:  Undefined array key "status" in /Users/sowmithgachula/Downloads/visitor_management_system-main 2/manage-notes.php on line 88
[15-Oct-2025 15:49:59 UTC] PHP Warning:  Undefined array key "status" in /Users/sowmithgachula/Downloads/visitor_management_system-main 2/manage-notes.php on line 89
[15-Oct-2025 15:49:59 UTC] PHP Deprecated:  htmlspecialchars(): Passing null to parameter #1 ($string) of type string is deprecated in /Users/sowmithgachula/Downloads/visitor_management_system-main 2/manage-notes.php on line 89
[15-Oct-2025 15:49:59 UTC] PHP Warning:  Undefined array key "created_by" in /Users/sowmithgachula/Downloads/visitor_management_system-main 2/manage-notes.php on line 92
[15-Oct-2025 15:49:59 UTC] PHP Deprecated:  htmlspecialchars(): Passing null to parameter #1 ($string) of type string is deprecated in /Users/sowmithgachula/Downloads/visitor_management_system-main 2/manage-notes.php on line 92
[15-Oct-2025 15:49:59 UTC] PHP Warning:  Undefined array key "priority" in /Users/sowmithgachula/Downloads/visitor_management_system-main 2/manage-notes.php on line 80
[15-Oct-2025 15:49:59 UTC] PHP Warning:  Undefined array key "priority" in /Users/sowmithgachula/Downloads/visitor_management_system-main 2/manage-notes.php on line 81
[15-Oct-2025 15:49:59 UTC] PHP Warning:  Undefined array key "priority" in /Users/sowmithgachula/Downloads/visitor_management_system-main 2/manage-notes.php on line 84
[15-Oct-2025 15:49:59 UTC] PHP Deprecated:  htmlspecialchars(): Passing null to parameter #1 ($string) of type string is deprecated in /Users/sowmithgachula/Downloads/visitor_management_system-main 2/manage-notes.php on line 84
[15-Oct-2025 15:49:59 UTC] PHP Warning:  Undefined array key "status" in /Users/sowmithgachula/Downloads/visitor_management_system-main 2/manage-notes.php on line 88
[15-Oct-2025 15:49:59 UTC] PHP Warning:  Undefined array key "status" in /Users/sowmithgachula/Downloads/visitor_management_system-main 2/manage-notes.php on line 89
[15-Oct-2025 15:49:59 UTC] PHP Deprecated:  htmlspecialchars(): Passing null to parameter #1 ($string) of type string is deprecated in /Users/sowmithgachula/Downloads/visitor_management_system-main 2/manage-notes.php on line 89
[15-Oct-2025 15:49:59 UTC] PHP Warning:  Undefined array key "created_by" in /Users/sowmithgachula/Downloads/visitor_management_system-main 2/manage-notes.php on line 92
[15-Oct-2025 15:49:59 UTC] PHP Deprecated:  htmlspecialchars(): Passing null to parameter #1 ($string) of type string is deprecated in /Users/sowmithgachula/Downloads/visitor_management_system-main 2/manage-notes.php on line 92
[15-Oct-2025 15:49:59 UTC] PHP Warning:  Undefined array key "priority" in /Users/sowmithgachula/Downloads/visitor_management_system-main 2/manage-notes.php on line 80
[15-Oct-2025 15:49:59 UTC] PHP Warning:  Undefined array key "priority" in /Users/sowmithgachula/Downloads/visitor_management_system-main 2/manage-notes.php on line 81
[15-Oct-2025 15:49:59 UTC] PHP Warning:  Undefined array key "priority" in /Users/sowmithgachula/Downloads/visitor_management_system-main 2/manage-notes.php on line 84
[15-Oct-2025 15:49:59 UTC] PHP Deprecated:  htmlspecialchars(): Passing null to parameter #1 ($string) of type string is deprecated in /Users/sowmithgachula/Downloads/visitor_management_system-main 2/manage-notes.php on line 84
[15-Oct-2025 15:49:59 UTC] PHP Warning:  Undefined array key "status" in /Users/sowmithgachula/Downloads/visitor_management_system-main 2/manage-notes.php on line 88
[15-Oct-2025 15:49:59 UTC] PHP Warning:  Undefined array key "status" in /Users/sowmithgachula/Downloads/visitor_management_system-main 2/manage-notes.php on line 89
[15-Oct-2025 15:49:59 UTC] PHP Deprecated:  htmlspecialchars(): Passing null to parameter #1 ($string) of type string is deprecated in /Users/sowmithgachula/Downloads/visitor_management_system-main 2/manage-notes.php on line 89
[15-Oct-2025 15:49:59 UTC] PHP Warning:  Undefined array key "created_by" in /Users/sowmithgachula/Downloads/visitor_management_system-main 2/manage-notes.php on line 92
[15-Oct-2025 15:49:59 UTC] PHP Deprecated:  htmlspecialchars(): Passing null to parameter #1 ($string) of type string is deprecated in /Users/sowmithgachula/Downloads/visitor_management_system-main 2/manage-notes.php on line 92
[15-Oct-2025 15:49:59 UTC] PHP Warning:  Undefined array key "priority" in /Users/sowmithgachula/Downloads/visitor_management_system-main 2/manage-notes.php on line 80
[15-Oct-2025 15:49:59 UTC] PHP Warning:  Undefined array key "priority" in /Users/sowmithgachula/Downloads/visitor_management_system-main 2/manage-notes.php on line 81
[15-Oct-2025 15:49:59 UTC] PHP Warning:  Undefined array key "priority" in /Users/sowmithgachula/Downloads/visitor_management_system-main 2/manage-notes.php on line 84
[15-Oct-2025 15:49:59 UTC] PHP Deprecated:  htmlspecialchars(): Passing null to parameter #1 ($string) of type string is deprecated in /Users/sowmithgachula/Downloads/visitor_management_system-main 2/manage-notes.php on line 84
[15-Oct-2025 15:49:59 UTC] PHP Warning:  Undefined array key "status" in /Users/sowmithgachula/Downloads/visitor_management_system-main 2/manage-notes.php on line 88
[15-Oct-2025 15:49:59 UTC] PHP Warning:  Undefined array key "status" in /Users/sowmithgachula/Downloads/visitor_management_system-main 2/manage-notes.php on line 89
[15-Oct-2025 15:49:59 UTC] PHP Deprecated:  htmlspecialchars(): Passing null to parameter #1 ($string) of type string is deprecated in /Users/sowmithgachula/Downloads/visitor_management_system-main 2/manage-notes.php on line 89
[15-Oct-2025 15:49:59 UTC] PHP Warning:  Undefined array key "created_by" in /Users/sowmithgachula/Downloads/visitor_management_system-main 2/manage-notes.php on line 92
[15-Oct-2025 15:49:59 UTC] PHP Deprecated:  htmlspecialchars(): Passing null to parameter #1 ($string) of type string is deprecated in /Users/sowmithgachula/Downloads/visitor_management_system-main 2/manage-notes.php on line 92
[15-Oct-2025 15:49:59 UTC] PHP Warning:  Undefined array key "priority" in /Users/sowmithgachula/Downloads/visitor_management_system-main 2/manage-notes.php on line 80
[15-Oct-2025 15:49:59 UTC] PHP Warning:  Undefined array key "priority" in /Users/sowmithgachula/Downloads/visitor_management_system-main 2/manage-notes.php on line 81
[15-Oct-2025 15:49:59 UTC] PHP Warning:  Undefined array key "priority" in /Users/sowmithgachula/Downloads/visitor_management_system-main 2/manage-notes.php on line 84
[15-Oct-2025 15:49:59 UTC] PHP Deprecated:  htmlspecialchars(): Passing null to parameter #1 ($string) of type string is deprecated in /Users/sowmithgachula/Downloads/visitor_management_system-main 2/manage-notes.php on line 84
[15-Oct-2025 15:49:59 UTC] PHP Warning:  Undefined array key "status" in /Users/sowmithgachula/Downloads/visitor_management_system-main 2/manage-notes.php on line 88
[15-Oct-2025 15:49:59 UTC] PHP Warning:  Undefined array key "status" in /Users/sowmithgachula/Downloads/visitor_management_system-main 2/manage-notes.php on line 89
[15-Oct-2025 15:49:59 UTC] PHP Deprecated:  htmlspecialchars(): Passing null to parameter #1 ($string) of type string is deprecated in /Users/sowmithgachula/Downloads/visitor_management_system-main 2/manage-notes.php on line 89
[15-Oct-2025 15:49:59 UTC] PHP Warning:  Undefined array key "created_by" in /Users/sowmithgachula/Downloads/visitor_management_system-main 2/manage-notes.php on line 92
[15-Oct-2025 15:49:59 UTC] PHP Deprecated:  htmlspecialchars(): Passing null to parameter #1 ($string) of type string is deprecated in /Users/sowmithgachula/Downloads/visitor_management_system-main 2/manage-notes.php on line 92
[15-Oct-2025 15:49:59 UTC] PHP Warning:  Undefined array key "priority" in /Users/sowmithgachula/Downloads/visitor_management_system-main 2/manage-notes.php on line 80
[15-Oct-2025 15:49:59 UTC] PHP Warning:  Undefined array key "priority" in /Users/sowmithgachula/Downloads/visitor_management_system-main 2/manage-notes.php on line 81
[15-Oct-2025 15:49:59 UTC] PHP Warning:  Undefined array key "priority" in /Users/sowmithgachula/Downloads/visitor_management_system-main 2/manage-notes.php on line 84
[15-Oct-2025 15:49:59 UTC] PHP Deprecated:  htmlspecialchars(): Passing null to parameter #1 ($string) of type string is deprecated in /Users/sowmithgachula/Downloads/visitor_management_system-main 2/manage-notes.php on line 84
[15-Oct-2025 15:49:59 UTC] PHP Warning:  Undefined array key "status" in /Users/sowmithgachula/Downloads/visitor_management_system-main 2/manage-notes.php on line 88
[15-Oct-2025 15:49:59 UTC] PHP Warning:  Undefined array key "status" in /Users/sowmithgachula/Downloads/visitor_management_system-main 2/manage-notes.php on line 89
[15-Oct-2025 15:49:59 UTC] PHP Deprecated:  htmlspecialchars(): Passing null to parameter #1 ($string) of type string is deprecated in /Users/sowmithgachula/Downloads/visitor_management_system-main 2/manage-notes.php on line 89
[15-Oct-2025 15:49:59 UTC] PHP Warning:  Undefined array key "created_by" in /Users/sowmithgachula/Downloads/visitor_management_system-main 2/manage-notes.php on line 92
[15-Oct-2025 15:49:59 UTC] PHP Deprecated:  htmlspecialchars(): Passing null to parameter #1 ($string) of type string is deprecated in /Users/sowmithgachula/Downloads/visitor_management_system-main 2/manage-notes.php on line 92
[15-Oct-2025 15:49:59 UTC] PHP Warning:  Undefined array key "priority" in /Users/sowmithgachula/Downloads/visitor_management_system-main 2/manage-notes.php on line 80
[15-Oct-2025 15:49:59 UTC] PHP Warning:  Undefined array key "priority" in /Users/sowmithgachula/Downloads/visitor_management_system-main 2/manage-notes.php on line 81
[15-Oct-2025 15:49:59 UTC] PHP Warning:  Undefined array key "priority" in /Users/sowmithgachula/Downloads/visitor_management_system-main 2/manage-notes.php on line 84
[15-Oct-2025 15:49:59 UTC] PHP Deprecated:  htmlspecialchars(): Passing null to parameter #1 ($string) of type string is deprecated in /Users/sowmithgachula/Downloads/visitor_management_system-main 2/manage-notes.php on line 84
[15-Oct-2025 15:49:59 UTC] PHP Warning:  Undefined array key "status" in /Users/sowmithgachula/Downloads/visitor_management_system-main 2/manage-notes.php on line 88
[15-Oct-2025 15:49:59 UTC] PHP Warning:  Undefined array key "status" in /Users/sowmithgachula/Downloads/visitor_management_system-main 2/manage-notes.php on line 89
[15-Oct-2025 15:49:59 UTC] PHP Deprecated:  htmlspecialchars(): Passing null to parameter #1 ($string) of type string is deprecated in /Users/sowmithgachula/Downloads/visitor_management_system-main 2/manage-notes.php on line 89
[15-Oct-2025 15:49:59 UTC] PHP Warning:  Undefined array key "created_by" in /Users/sowmithgachula/Downloads/visitor_management_system-main 2/manage-notes.php on line 92
[15-Oct-2025 15:49:59 UTC] PHP Deprecated:  htmlspecialchars(): Passing null to parameter #1 ($string) of type string is deprecated in /Users/sowmithgachula/Downloads/visitor_management_system-main 2/manage-notes.php on line 92
[15-Oct-2025 15:49:59 UTC] PHP Warning:  Undefined array key "priority" in /Users/sowmithgachula/Downloads/visitor_management_system-main 2/manage-notes.php on line 80
[15-Oct-2025 15:49:59 UTC] PHP Warning:  Undefined array key "priority" in /Users/sowmithgachula/Downloads/visitor_management_system-main 2/manage-notes.php on line 81
[15-Oct-2025 15:49:59 UTC] PHP Warning:  Undefined array key "priority" in /Users/sowmithgachula/Downloads/visitor_management_system-main 2/manage-notes.php on line 84
[15-Oct-2025 15:49:59 UTC] PHP Deprecated:  htmlspecialchars(): Passing null to parameter #1 ($string) of type string is deprecated in /Users/sowmithgachula/Downloads/visitor_management_system-main 2/manage-notes.php on line 84
[15-Oct-2025 15:49:59 UTC] PHP Warning:  Undefined array key "status" in /Users/sowmithgachula/Downloads/visitor_management_system-main 2/manage-notes.php on line 88
[15-Oct-2025 15:49:59 UTC] PHP Warning:  Undefined array key "status" in /Users/sowmithgachula/Downloads/visitor_management_system-main 2/manage-notes.php on line 89
[15-Oct-2025 15:49:59 UTC] PHP Deprecated:  htmlspecialchars(): Passing null to parameter #1 ($string) of type string is deprecated in /Users/sowmithgachula/Downloads/visitor_management_system-main 2/manage-notes.php on line 89
[15-Oct-2025 15:49:59 UTC] PHP Warning:  Undefined array key "created_by" in /Users/sowmithgachula/Downloads/visitor_management_system-main 2/manage-notes.php on line 92
[15-Oct-2025 15:49:59 UTC] PHP Deprecated:  htmlspecialchars(): Passing null to parameter #1 ($string) of type string is deprecated in /Users/sowmithgachula/Downloads/visitor_management_system-main 2/manage-notes.php on line 92
[15-Oct-2025 17:29:24 UTC] PHP Warning:  Undefined array key "department" in /Users/sowmithgachula/Downloads/visitor_management_system-main 2/new-visitor.php on line 22
[15-Oct-2025 17:29:24 UTC] PHP Deprecated:  htmlspecialchars(): Passing null to parameter #1 ($string) of type string is deprecated in /Users/sowmithgachula/Downloads/visitor_management_system-main 2/new-visitor.php on line 22
[15-Oct-2025 17:29:24 UTC] PHP Warning:  Undefined array key "gender" in /Users/sowmithgachula/Downloads/visitor_management_system-main 2/new-visitor.php on line 23
[15-Oct-2025 17:29:24 UTC] PHP Deprecated:  htmlspecialchars(): Passing null to parameter #1 ($string) of type string is deprecated in /Users/sowmithgachula/Downloads/visitor_management_system-main 2/new-visitor.php on line 23
[15-Oct-2025 17:29:24 UTC] PHP Warning:  Undefined array key "year_of_graduation" in /Users/sowmithgachula/Downloads/visitor_management_system-main 2/new-visitor.php on line 24
[15-Oct-2025 17:29:24 UTC] PHP Deprecated:  htmlspecialchars(): Passing null to parameter #1 ($string) of type string is deprecated in /Users/sowmithgachula/Downloads/visitor_management_system-main 2/new-visitor.php on line 24
[15-Oct-2025 17:29:24 UTC] PHP Warning:  Undefined array key "event_id" in /Users/sowmithgachula/Downloads/visitor_management_system-main 2/new-visitor.php on line 25
